[23:02:36.671][INFO ][com.uno.hworld.HworldApplication.logStarting:line55] - Starting HworldApplication using Java 11 on DESKTOP-BAO7PEK with PID 25036 (C:\workspace\hworld\out\production\classes started by eunhj in C:\workspace\hworld)
[23:02:36.677][INFO ][com.uno.hworld.HworldApplication.logStartupProfileInfo:line640] - The following 1 profile is active: "local"
[23:02:36.740][INFO ][org.springframework.boot.devtools.env.DevToolsPropertyDefaultsPostProcessor.logTo:line255] - Devtools property defaults active! Set 'spring.devtools.add-properties' to 'false' to disable
[23:02:36.741][INFO ][org.springframework.boot.devtools.env.DevToolsPropertyDefaultsPostProcessor.logTo:line255] - For additional web related logging consider setting the 'logging.level.web' property to 'DEBUG'
[23:02:38.401][INFO ][org.springframework.data.repository.config.RepositoryConfigurationDelegate.multipleStoresDetected:line262] - Multiple Spring Data modules found, entering strict repository configuration mode
[23:02:38.403][INFO ][org.springframework.data.repository.config.RepositoryConfigurationDelegate.registerRepositoriesIn:line132] - Bootstrapping Spring Data JPA repositories in DEFAULT mode.
[23:02:38.514][INFO ][org.springframework.data.repository.config.RepositoryConfigurationDelegate.registerRepositoriesIn:line201] - Finished Spring Data repository scanning in 92 ms. Found 1 JPA repository interfaces.
[23:02:38.529][INFO ][org.springframework.data.repository.config.RepositoryConfigurationDelegate.multipleStoresDetected:line262] - Multiple Spring Data modules found, entering strict repository configuration mode
[23:02:38.530][INFO ][org.springframework.data.repository.config.RepositoryConfigurationDelegate.registerRepositoriesIn:line132] - Bootstrapping Spring Data Redis repositories in DEFAULT mode.
[23:02:38.556][INFO ][org.springframework.data.repository.config.RepositoryConfigurationExtensionSupport.isStrictRepositoryCandidate:line349] - Spring Data Redis - Could not safely identify store assignment for repository candidate interface com.uno.hworld.repository.UserRepository; If you want this repository to be a Redis repository, consider annotating your entities with one of these annotations: org.springframework.data.redis.core.RedisHash (preferred), or consider extending one of the following types with your repository: org.springframework.data.keyvalue.repository.KeyValueRepository
[23:02:38.556][INFO ][org.springframework.data.repository.config.RepositoryConfigurationDelegate.registerRepositoriesIn:line201] - Finished Spring Data repository scanning in 15 ms. Found 0 Redis repository interfaces.
[23:02:39.483][INFO ][org.springframework.boot.web.embedded.tomcat.TomcatWebServer.initialize:line108] - Tomcat initialized with port(s): 8080 (http)
[23:02:39.495][INFO ][org.apache.catalina.core.StandardService.log:line173] - Starting service [Tomcat]
[23:02:39.496][INFO ][org.apache.catalina.core.StandardEngine.log:line173] - Starting Servlet engine: [Apache Tomcat/9.0.65]
[23:02:39.680][INFO ][org.apache.catalina.core.ContainerBase.[Tomcat].[localhost].[/].log:line173] - Initializing Spring embedded WebApplicationContext
[23:02:39.680][INFO ][org.springframework.boot.web.servlet.context.ServletWebServerApplicationContext.prepareWebApplicationContext:line292] - Root WebApplicationContext: initialization completed in 2938 ms
[23:02:39.851][INFO ][org.hibernate.jpa.internal.util.LogHelper.logPersistenceUnitInformation:line31] - HHH000204: Processing PersistenceUnitInfo [name: default]
[23:02:39.919][INFO ][org.hibernate.Version.logVersion:line44] - HHH000412: Hibernate ORM core version 5.6.11.Final
[23:02:40.112][INFO ][org.hibernate.annotations.common.Version.<clinit>:line56] - HCANN000001: Hibernate Commons Annotations {5.1.2.Final}
[23:02:40.244][INFO ][com.zaxxer.hikari.HikariDataSource.getConnection:line110] - HikariPool-1 - Starting...
[23:02:40.524][INFO ][com.zaxxer.hikari.HikariDataSource.getConnection:line123] - HikariPool-1 - Start completed.
[23:02:40.551][INFO ][org.hibernate.dialect.Dialect.<init>:line175] - HHH000400: Using dialect: org.hibernate.dialect.MySQL8Dialect
[23:02:41.315][INFO ][org.hibernate.engine.transaction.jta.platform.internal.JtaPlatformInitiator.initiateService:line52] - HHH000490: Using JtaPlatform implementation: [org.hibernate.engine.transaction.jta.platform.internal.NoJtaPlatform]
[23:02:41.328][INFO ][org.springframework.orm.jpa.LocalContainerEntityManagerFactoryBean.buildNativeEntityManagerFactory:line437] - Initialized JPA EntityManagerFactory for persistence unit 'default'
[23:02:42.564][WARN ][org.springframework.boot.autoconfigure.orm.jpa.JpaBaseConfiguration$JpaWebConfiguration.openEntityManagerInViewInterceptor:line219] - spring.jpa.open-in-view is enabled by default. Therefore, database queries may be performed during view rendering. Explicitly configure spring.jpa.open-in-view to disable this warning
[23:02:43.132][INFO ][org.springframework.security.web.DefaultSecurityFilterChain.<init>:line55] - Will secure any request with [org.springframework.security.web.session.DisableEncodeUrlFilter@10e819f9, org.springframework.security.web.context.request.async.WebAsyncManagerIntegrationFilter@7030ccc0, org.springframework.security.web.context.SecurityContextPersistenceFilter@4f94a943, org.springframework.security.web.header.HeaderWriterFilter@6726b3fa, org.springframework.security.web.authentication.logout.LogoutFilter@30d1c41a, org.springframework.security.web.authentication.UsernamePasswordAuthenticationFilter@b6ef1bc, org.springframework.security.web.savedrequest.RequestCacheAwareFilter@40b564a, org.springframework.security.web.servletapi.SecurityContextHolderAwareRequestFilter@da44fef, org.springframework.security.web.authentication.AnonymousAuthenticationFilter@63018082, org.springframework.security.web.session.SessionManagementFilter@78b6def6, org.springframework.security.web.access.ExceptionTranslationFilter@44a030, org.springframework.security.web.access.intercept.FilterSecurityInterceptor@4ab1bb59]
[23:02:43.135][WARN ][org.springframework.security.config.annotation.web.builders.WebSecurity.performBuild:line305] - You are asking Spring Security to ignore Ant [pattern='/css/**']. This is not recommended -- please use permitAll via HttpSecurity#authorizeHttpRequests instead.
[23:02:43.135][INFO ][org.springframework.security.web.DefaultSecurityFilterChain.<init>:line52] - Will not secure Ant [pattern='/css/**']
[23:02:43.135][WARN ][org.springframework.security.config.annotation.web.builders.WebSecurity.performBuild:line305] - You are asking Spring Security to ignore Ant [pattern='/js/**']. This is not recommended -- please use permitAll via HttpSecurity#authorizeHttpRequests instead.
[23:02:43.136][INFO ][org.springframework.security.web.DefaultSecurityFilterChain.<init>:line52] - Will not secure Ant [pattern='/js/**']
[23:02:43.136][WARN ][org.springframework.security.config.annotation.web.builders.WebSecurity.performBuild:line305] - You are asking Spring Security to ignore Ant [pattern='/images/**']. This is not recommended -- please use permitAll via HttpSecurity#authorizeHttpRequests instead.
[23:02:43.136][INFO ][org.springframework.security.web.DefaultSecurityFilterChain.<init>:line52] - Will not secure Ant [pattern='/images/**']
[23:02:43.136][WARN ][org.springframework.security.config.annotation.web.builders.WebSecurity.performBuild:line305] - You are asking Spring Security to ignore Ant [pattern='/fonts/**']. This is not recommended -- please use permitAll via HttpSecurity#authorizeHttpRequests instead.
[23:02:43.137][INFO ][org.springframework.security.web.DefaultSecurityFilterChain.<init>:line52] - Will not secure Ant [pattern='/fonts/**']
[23:02:43.334][INFO ][org.springframework.boot.devtools.autoconfigure.OptionalLiveReloadServer.startServer:line59] - LiveReload server is running on port 35729
[23:02:43.373][INFO ][org.springframework.boot.autoconfigure.web.servlet.WelcomePageHandlerMapping.<init>:line57] - Adding welcome page template: index
[23:02:43.648][INFO ][org.springframework.boot.web.embedded.tomcat.TomcatWebServer.start:line220] - Tomcat started on port(s): 8080 (http) with context path ''
[23:02:43.909][INFO ][org.springframework.messaging.simp.broker.SimpleBrokerMessageHandler.info:line117] - Starting...
[23:02:43.909][INFO ][org.springframework.messaging.simp.broker.SimpleBrokerMessageHandler.info:line117] - BrokerAvailabilityEvent[available=true, SimpleBrokerMessageHandler [org.springframework.messaging.simp.broker.DefaultSubscriptionRegistry@3d1a7e22]]
[23:02:43.910][INFO ][org.springframework.messaging.simp.broker.SimpleBrokerMessageHandler.info:line117] - Started.
[23:02:43.919][INFO ][com.uno.hworld.HworldApplication.logStarted:line61] - Started HworldApplication in 7.872 seconds (JVM running for 9.91)
[23:03:14.315][INFO ][org.apache.catalina.core.ContainerBase.[Tomcat].[localhost].[/].log:line173] - Initializing Spring DispatcherServlet 'dispatcherServlet'
[23:03:14.317][INFO ][org.springframework.web.servlet.DispatcherServlet.initServletBean:line525] - Initializing Servlet 'dispatcherServlet'
[23:03:14.319][INFO ][org.springframework.web.servlet.DispatcherServlet.initServletBean:line547] - Completed initialization in 1 ms
[23:03:15.160][WARN ][org.apache.catalina.util.SessionIdGeneratorBase.log:line173] - Creation of SecureRandom instance for session ID generation using [SHA1PRNG] took [802] milliseconds.
[23:03:43.203][INFO ][org.springframework.web.socket.config.WebSocketMessageBrokerStats.lambda$initLoggingTask$0:line128] - WebSocketSession[0 current WS(0)-HttpStream(0)-HttpPoll(0), 0 total, 0 closed abnormally (0 connect failure, 0 send limit, 0 transport error)], stompSubProtocol[processed CONNECT(0)-CONNECTED(0)-DISCONNECT(0)], stompBrokerRelay[null], inboundChannel[pool size = 0, active threads = 0, queued tasks = 0, completed tasks = 0], outboundChannel[pool size = 0, active threads = 0, queued tasks = 0, completed tasks = 0], sockJsScheduler[pool size = 1, active threads = 1, queued tasks = 0, completed tasks = 0]
[23:05:07.073][INFO ][org.springframework.messaging.simp.broker.SimpleBrokerMessageHandler.info:line117] - Stopping...
[23:05:07.074][INFO ][org.springframework.messaging.simp.broker.SimpleBrokerMessageHandler.info:line117] - BrokerAvailabilityEvent[available=false, SimpleBrokerMessageHandler [org.springframework.messaging.simp.broker.DefaultSubscriptionRegistry@3d1a7e22]]
[23:05:07.074][INFO ][org.springframework.messaging.simp.broker.SimpleBrokerMessageHandler.info:line117] - Stopped.
[23:05:08.099][INFO ][org.springframework.orm.jpa.LocalContainerEntityManagerFactoryBean.destroy:line651] - Closing JPA EntityManagerFactory for persistence unit 'default'
[23:05:08.104][INFO ][com.zaxxer.hikari.HikariDataSource.close:line350] - HikariPool-1 - Shutdown initiated...
[23:05:08.120][INFO ][com.zaxxer.hikari.HikariDataSource.close:line352] - HikariPool-1 - Shutdown completed.
